# JRE version: OpenJDK Runtime Environment (16.0.2+7) (build 16.0.2+7-67)
# Java VM: OpenJDK 64-Bit Server VM (16.0.2+7-67, mixed mode, tiered, compressed oops, compressed class ptrs, g1 gc, windows-amd64)
GC Precious Log:
 CPUs: 4 total, 4 available
 Memory: 8090M
 Large Page Support: Disabled
 NUMA Support: Disabled
 Compressed Oops: Enabled (32-bit)
 Heap Region Size: 1M
 Heap Min Capacity: 8M
 Heap Initial Capacity: 128M
 Heap Max Capacity: 2024M
 Pre-touch: Disabled
 Parallel Workers: 4
 Concurrent Workers: 1
 Concurrent Refinement Workers: 4
 Periodic GC: Disabled
Heap:
 garbage-first heap   total 55296K, used 27175K [0x0000000081800000, 0x0000000100000000)
  region size 1024K, 2 young (2048K), 2 survivors (2048K)
 Metaspace       used 62035K, committed 62400K, reserved 1105920K
  class space    used 8294K, committed 8448K, reserved 1048576K
GC Heap History (20 events):
Event: 2.719 GC heap after
{Heap after GC invocations=10 (full 0):
 garbage-first heap   total 46080K, used 12318K [0x0000000081800000, 0x0000000100000000)
  region size 1024K, 2 young (2048K), 2 survivors (2048K)
 Metaspace       used 28753K, committed 29056K, reserved 1081344K
  class space    used 3446K, committed 3584K, reserved 1048576K
}
Event: 3.296 GC heap before
{Heap before GC invocations=10 (full 0):
 garbage-first heap   total 46080K, used 33822K [0x0000000081800000, 0x0000000100000000)
  region size 1024K, 23 young (23552K), 2 survivors (2048K)
 Metaspace       used 31851K, committed 32192K, reserved 1081344K
  class space    used 3924K, committed 4096K, reserved 1048576K
}
Event: 3.304 GC heap after
{Heap after GC invocations=11 (full 0):
 garbage-first heap   total 55296K, used 13920K [0x0000000081800000, 0x0000000100000000)
  region size 1024K, 3 young (3072K), 3 survivors (3072K)
 Metaspace       used 31851K, committed 32192K, reserved 1081344K
  class space    used 3924K, committed 4096K, reserved 1048576K
}
Event: 3.724 GC heap before
{Heap before GC invocations=11 (full 0):
 garbage-first heap   total 55296K, used 41568K [0x0000000081800000, 0x0000000100000000)
  region size 1024K, 31 young (31744K), 3 survivors (3072K)
 Metaspace       used 34959K, committed 35264K, reserved 1081344K
  class space    used 4326K, committed 4480K, reserved 1048576K
}
Event: 3.735 GC heap after
{Heap after GC invocations=12 (full 0):
 garbage-first heap   total 55296K, used 15769K [0x0000000081800000, 0x0000000100000000)
  region size 1024K, 4 young (4096K), 4 survivors (4096K)
 Metaspace       used 34959K, committed 35264K, reserved 1081344K
  class space    used 4326K, committed 4480K, reserved 1048576K
}
Event: 3.747 GC heap before
{Heap before GC invocations=12 (full 0):
 garbage-first heap   total 55296K, used 40345K [0x0000000081800000, 0x0000000100000000)
  region size 1024K, 29 young (29696K), 4 survivors (4096K)
 Metaspace       used 34959K, committed 35264K, reserved 1081344K
  class space    used 4326K, committed 4480K, reserved 1048576K
}
Event: 3.754 GC heap after
{Heap after GC invocations=13 (full 0):
 garbage-first heap   total 55296K, used 16067K [0x0000000081800000, 0x0000000100000000)
  region size 1024K, 2 young (2048K), 2 survivors (2048K)
 Metaspace       used 34959K, committed 35264K, reserved 1081344K
  class space    used 4326K, committed 4480K, reserved 1048576K
}
Event: 4.474 GC heap before
{Heap before GC invocations=13 (full 0):
 garbage-first heap   total 55296K, used 43715K [0x0000000081800000, 0x0000000100000000)
  region size 1024K, 29 young (29696K), 2 survivors (2048K)
 Metaspace       used 39460K, committed 39872K, reserved 1089536K
  class space    used 4971K, committed 5184K, reserved 1048576K
}
Event: 4.478 GC heap after
{Heap after GC invocations=14 (full 0):
 garbage-first heap   total 55296K, used 17125K [0x0000000081800000, 0x0000000100000000)
  region size 1024K, 3 young (3072K), 3 survivors (3072K)
 Metaspace       used 39460K, committed 39872K, reserved 1089536K
  class space    used 4971K, committed 5184K, reserved 1048576K
}
Event: 5.039 GC heap before
{Heap before GC invocations=14 (full 0):
 garbage-first heap   total 55296K, used 35557K [0x0000000081800000, 0x0000000100000000)
  region size 1024K, 22 young (22528K), 3 survivors (3072K)
 Metaspace       used 44463K, committed 44800K, reserved 1089536K
  class space    used 5702K, committed 5888K, reserved 1048576K
}
Event: 5.045 GC heap after
{Heap after GC invocations=15 (full 0):
 garbage-first heap   total 55296K, used 19098K [0x0000000081800000, 0x0000000100000000)
  region size 1024K, 4 young (4096K), 4 survivors (4096K)
 Metaspace       used 44463K, committed 44800K, reserved 1089536K
  class space    used 5702K, committed 5888K, reserved 1048576K
}
Event: 5.695 GC heap before
{Heap before GC invocations=16 (full 0):
 garbage-first heap   total 55296K, used 41626K [0x0000000081800000, 0x0000000100000000)
  region size 1024K, 27 young (27648K), 4 survivors (4096K)
 Metaspace       used 50321K, committed 50688K, reserved 1097728K
  class space    used 6611K, committed 6784K, reserved 1048576K
}
Event: 5.701 GC heap after
{Heap after GC invocations=17 (full 0):
 garbage-first heap   total 55296K, used 21104K [0x0000000081800000, 0x0000000100000000)
  region size 1024K, 2 young (2048K), 2 survivors (2048K)
 Metaspace       used 50321K, committed 50688K, reserved 1097728K
  class space    used 6611K, committed 6784K, reserved 1048576K
}
Event: 6.287 GC heap before
{Heap before GC invocations=18 (full 0):
 garbage-first heap   total 55296K, used 43632K [0x0000000081800000, 0x0000000100000000)
  region size 1024K, 24 young (24576K), 2 survivors (2048K)
 Metaspace       used 54438K, committed 54848K, reserved 1097728K
  class space    used 7206K, committed 7424K, reserved 1048576K
}
Event: 6.291 GC heap after
{Heap after GC invocations=19 (full 0):
 garbage-first heap   total 55296K, used 22919K [0x0000000081800000, 0x0000000100000000)
  region size 1024K, 2 young (2048K), 2 survivors (2048K)
 Metaspace       used 54438K, committed 54848K, reserved 1097728K
  class space    used 7206K, committed 7424K, reserved 1048576K
}
Event: 6.697 GC heap before
{Heap before GC invocations=19 (full 0):
 garbage-first heap   total 55296K, used 43399K [0x0000000081800000, 0x0000000100000000)
  region size 1024K, 22 young (22528K), 2 survivors (2048K)
 Metaspace       used 57375K, committed 57728K, reserved 1105920K
  class space    used 7648K, committed 7808K, reserved 1048576K
}
Event: 6.701 GC heap after
{Heap after GC invocations=20 (full 0):
 garbage-first heap   total 55296K, used 24008K [0x0000000081800000, 0x0000000100000000)
  region size 1024K, 2 young (2048K), 2 survivors (2048K)
 Metaspace       used 57375K, committed 57728K, reserved 1105920K
  class space    used 7648K, committed 7808K, reserved 1048576K
}
Event: 7.155 GC heap before
{Heap before GC invocations=20 (full 0):
 garbage-first heap   total 55296K, used 42440K [0x0000000081800000, 0x0000000100000000)
  region size 1024K, 20 young (20480K), 2 survivors (2048K)
 Metaspace       used 59771K, committed 60160K, reserved 1105920K
  class space    used 8005K, committed 8192K, reserved 1048576K
}
Event: 7.160 GC heap after
{Heap after GC invocations=21 (full 0):
 garbage-first heap   total 55296K, used 25815K [0x0000000081800000, 0x0000000100000000)
  region size 1024K, 3 young (3072K), 3 survivors (3072K)
 Metaspace       used 59771K, committed 60160K, reserved 1105920K
  class space    used 8005K, committed 8192K, reserved 1048576K
}
Event: 14.178 GC heap before
{Heap before GC invocations=21 (full 0):
 garbage-first heap   total 55296K, used 43223K [0x0000000081800000, 0x0000000100000000)
  region size 1024K, 20 young (20480K), 3 survivors (3072K)
 Metaspace       used 62035K, committed 62400K, reserved 1105920K
  class space    used 8294K, committed 8448K, reserved 1048576K
}

